[debug] [2026-04-29T14:49:14.025Z] ----------------------------------------------------------------------
[debug] [2026-04-29T14:49:14.027Z] Command:       C:\Program Files\nodejs\node.exe C:\Users\sherp\AppData\Roaming\npm\node_modules\firebase-tools\lib\bin\firebase.js deploy --only hosting
[debug] [2026-04-29T14:49:14.028Z] CLI Version:   15.15.0
[debug] [2026-04-29T14:49:14.028Z] Platform:      win32
[debug] [2026-04-29T14:49:14.028Z] Node Version:  v24.15.0
[debug] [2026-04-29T14:49:14.028Z] Time:          Wed Apr 29 2026 09:49:14 GMT-0500 (Central Daylight Time)
[debug] [2026-04-29T14:49:14.028Z] ----------------------------------------------------------------------
[debug] 
[debug] [2026-04-29T14:49:15.229Z] > command requires scopes: ["email","openid","https://www.googleapis.com/auth/cloudplatformprojects.readonly","https://www.googleapis.com/auth/firebase","https://www.googleapis.com/auth/cloud-platform"]
[debug] [2026-04-29T14:49:15.230Z] > authorizing via signed-in user (hitboyromance@gmail.com)
[debug] [2026-04-29T14:49:15.230Z] [iam] checking project schedule-handlar for permissions ["firebase.projects.get","firebasehosting.sites.update"]
[debug] [2026-04-29T14:49:15.231Z] Checked if tokens are valid: true, expires at: 1777476120674
[debug] [2026-04-29T14:49:15.232Z] Checked if tokens are valid: true, expires at: 1777476120674
[debug] [2026-04-29T14:49:15.232Z] >>> [apiv2][query] POST https://cloudresourcemanager.googleapis.com/v1/projects/schedule-handlar:testIamPermissions [none]
[debug] [2026-04-29T14:49:15.233Z] >>> [apiv2][(partial)header] POST https://cloudresourcemanager.googleapis.com/v1/projects/schedule-handlar:testIamPermissions  x-goog-user-project=schedule-handlar
[debug] [2026-04-29T14:49:15.233Z] >>> [apiv2][body] POST https://cloudresourcemanager.googleapis.com/v1/projects/schedule-handlar:testIamPermissions {"permissions":["firebase.projects.get","firebasehosting.sites.update"]}
[debug] [2026-04-29T14:49:15.419Z] <<< [apiv2][status] POST https://cloudresourcemanager.googleapis.com/v1/projects/schedule-handlar:testIamPermissions 200
[debug] [2026-04-29T14:49:15.419Z] <<< [apiv2][body] POST https://cloudresourcemanager.googleapis.com/v1/projects/schedule-handlar:testIamPermissions {"permissions":["firebase.projects.get","firebasehosting.sites.update"]}
[debug] [2026-04-29T14:49:15.420Z] Checked if tokens are valid: true, expires at: 1777476120674
[debug] [2026-04-29T14:49:15.421Z] Checked if tokens are valid: true, expires at: 1777476120674
[debug] [2026-04-29T14:49:15.421Z] >>> [apiv2][query] GET https://firebase.googleapis.com/v1beta1/projects/schedule-handlar [none]
[debug] [2026-04-29T14:49:15.715Z] <<< [apiv2][status] GET https://firebase.googleapis.com/v1beta1/projects/schedule-handlar 200
[debug] [2026-04-29T14:49:15.715Z] <<< [apiv2][body] GET https://firebase.googleapis.com/v1beta1/projects/schedule-handlar {"projectId":"schedule-handlar","projectNumber":"1020551055302","displayName":"Schedule-handlar","name":"projects/schedule-handlar","resources":{"hostingSite":"schedule-handlar","realtimeDatabaseInstance":"schedule-handlar-default-rtdb"},"state":"ACTIVE","etag":"1_5527ee4d-5dc9-4f34-abe7-ce0837609eae"}
[info] 
[info] === Deploying to 'schedule-handlar'...
[info] 
[info] i  deploying hosting 
[debug] [2026-04-29T14:49:15.719Z] Checked if tokens are valid: true, expires at: 1777476120674
[debug] [2026-04-29T14:49:15.719Z] Checked if tokens are valid: true, expires at: 1777476120674
[debug] [2026-04-29T14:49:15.720Z] >>> [apiv2][query] POST https://firebasehosting.googleapis.com/v1beta1/projects/-/sites/schedule-handlar/versions [none]
[debug] [2026-04-29T14:49:15.720Z] >>> [apiv2][body] POST https://firebasehosting.googleapis.com/v1beta1/projects/-/sites/schedule-handlar/versions {"status":"CREATED","labels":{"deployment-tool":"cli-firebase"}}
[debug] [2026-04-29T14:49:17.615Z] <<< [apiv2][status] POST https://firebasehosting.googleapis.com/v1beta1/projects/-/sites/schedule-handlar/versions 200
[debug] [2026-04-29T14:49:17.615Z] <<< [apiv2][body] POST https://firebasehosting.googleapis.com/v1beta1/projects/-/sites/schedule-handlar/versions {"name":"projects/1020551055302/sites/schedule-handlar/versions/99add5c30c89353d","status":"CREATED","config":{},"labels":{"deployment-tool":"cli-firebase"}}
[info] i  hosting[schedule-handlar]: beginning deploy... 
[info] i  hosting[schedule-handlar]: found 3 files in dist 
[debug] [2026-04-29T14:49:17.627Z] [hosting] uploading with 200 concurrency
[debug] [2026-04-29T14:49:17.629Z] Checked if tokens are valid: true, expires at: 1777476120674
[debug] [2026-04-29T14:49:17.629Z] Checked if tokens are valid: true, expires at: 1777476120674
[debug] [2026-04-29T14:49:17.631Z] [hosting] hash cache [ZGlzdA] stored for 3 files
[debug] [2026-04-29T14:49:17.631Z] [hosting][hash queue][FINAL] {"max":1,"min":0,"avg":0,"active":0,"complete":3,"success":3,"errored":0,"retried":0,"total":3,"elapsed":3}
[debug] [2026-04-29T14:49:17.631Z] >>> [apiv2][query] POST https://firebasehosting.googleapis.com/v1beta1/projects/1020551055302/sites/schedule-handlar/versions/99add5c30c89353d:populateFiles [none]
[debug] [2026-04-29T14:49:17.631Z] >>> [apiv2][body] POST https://firebasehosting.googleapis.com/v1beta1/projects/1020551055302/sites/schedule-handlar/versions/99add5c30c89353d:populateFiles {"files":{"/index.html":"f515478ad50f893696307ba05c68e756e23d9b0355c058e776815a34e7f111da","/assets/index-DsnIUmDR.js":"e7d9288f8a3a9ec4d77dd0c0a35ede591d7e9a9ee2b9ee1fc58614a19e2c229e","/assets/index-DBcL0tS0.css":"345a8761382c2ddda675d6206420ef1266bcb141b79e6b45e6b399dde3c6e125"}}
[debug] [2026-04-29T14:49:18.432Z] <<< [apiv2][status] POST https://firebasehosting.googleapis.com/v1beta1/projects/1020551055302/sites/schedule-handlar/versions/99add5c30c89353d:populateFiles 200
[debug] [2026-04-29T14:49:18.433Z] <<< [apiv2][body] POST https://firebasehosting.googleapis.com/v1beta1/projects/1020551055302/sites/schedule-handlar/versions/99add5c30c89353d:populateFiles {"uploadUrl":"https://upload-firebasehosting.googleapis.com/upload/sites/schedule-handlar/versions/99add5c30c89353d/files"}
[debug] [2026-04-29T14:49:18.433Z] [hosting][populate queue][FINAL] {"max":804,"min":804,"avg":804,"active":0,"complete":1,"success":1,"errored":0,"retried":0,"total":1,"elapsed":804}
[debug] [2026-04-29T14:49:18.433Z] [hosting] uploads queued: 0
[debug] [2026-04-29T14:49:18.434Z] [hosting][upload queue][FINAL] {"max":0,"min":9999999999,"avg":0,"active":0,"complete":0,"success":0,"errored":0,"retried":0,"total":0,"elapsed":1777474158434}
[info] i  hosting: upload complete 
[info] +  hosting[schedule-handlar]: file upload complete 
[debug] [2026-04-29T14:49:18.434Z] [hosting] deploy completed after 817ms
[debug] [2026-04-29T14:49:18.434Z] [
  {
    "config": {
      "public": "dist",
      "ignore": [
        "firebase.json",
        "**/.*",
        "**/node_modules/**"
      ],
      "rewrites": [
        {
          "source": "**",
          "destination": "/index.html"
        }
      ],
      "site": "schedule-handlar"
    },
    "version": "projects/1020551055302/sites/schedule-handlar/versions/99add5c30c89353d"
  }
]
[info] i  hosting[schedule-handlar]: finalizing version... 
[debug] [2026-04-29T14:49:18.437Z] Checked if tokens are valid: true, expires at: 1777476120674
[debug] [2026-04-29T14:49:18.437Z] Checked if tokens are valid: true, expires at: 1777476120674
[debug] [2026-04-29T14:49:18.437Z] >>> [apiv2][query] PATCH https://firebasehosting.googleapis.com/v1beta1/projects/-/sites/schedule-handlar/versions/99add5c30c89353d updateMask=status%2Cconfig
[debug] [2026-04-29T14:49:18.437Z] >>> [apiv2][body] PATCH https://firebasehosting.googleapis.com/v1beta1/projects/-/sites/schedule-handlar/versions/99add5c30c89353d {"status":"FINALIZED","config":{"rewrites":[{"glob":"**","path":"/index.html"}]}}
[debug] [2026-04-29T14:49:19.806Z] <<< [apiv2][status] PATCH https://firebasehosting.googleapis.com/v1beta1/projects/-/sites/schedule-handlar/versions/99add5c30c89353d 200
[debug] [2026-04-29T14:49:19.806Z] <<< [apiv2][body] PATCH https://firebasehosting.googleapis.com/v1beta1/projects/-/sites/schedule-handlar/versions/99add5c30c89353d {"name":"projects/1020551055302/sites/schedule-handlar/versions/99add5c30c89353d","status":"FINALIZED","config":{"rewrites":[{"glob":"**","path":"/index.html"}]},"labels":{"deployment-tool":"cli-firebase"},"createTime":"2026-04-29T14:49:16.241931Z","createUser":{"email":"hitboyromance@gmail.com"},"finalizeTime":"2026-04-29T14:49:19.317004Z","finalizeUser":{"email":"hitboyromance@gmail.com"}}
[debug] [2026-04-29T14:49:19.807Z] [hosting] finalized version for schedule-handlar:[object Object]
[info] +  hosting[schedule-handlar]: version finalized 
[info] i  hosting[schedule-handlar]: releasing new version... 
[debug] [2026-04-29T14:49:19.807Z] Checked if tokens are valid: true, expires at: 1777476120674
[debug] [2026-04-29T14:49:19.807Z] Checked if tokens are valid: true, expires at: 1777476120674
[debug] [2026-04-29T14:49:19.807Z] >>> [apiv2][query] POST https://firebasehosting.googleapis.com/v1beta1/projects/-/sites/schedule-handlar/channels/live/releases versionName=projects%2F1020551055302%2Fsites%2Fschedule-handlar%2Fversions%2F99add5c30c89353d
[debug] [2026-04-29T14:49:19.807Z] >>> [apiv2][body] POST https://firebasehosting.googleapis.com/v1beta1/projects/-/sites/schedule-handlar/channels/live/releases {}
[debug] [2026-04-29T14:49:21.310Z] <<< [apiv2][status] POST https://firebasehosting.googleapis.com/v1beta1/projects/-/sites/schedule-handlar/channels/live/releases 200
[debug] [2026-04-29T15:02:17.211Z] ----------------------------------------------------------------------
[debug] [2026-04-29T15:02:17.214Z] Command:       C:\Program Files\nodejs\node.exe C:\Users\sherp\AppData\Roaming\npm\node_modules\firebase-tools\lib\bin\firebase.js deploy --only hosting --project schedule-handlar
[debug] [2026-04-29T15:02:17.215Z] CLI Version:   15.15.0
[debug] [2026-04-29T15:02:17.215Z] Platform:      win32
[debug] [2026-04-29T15:02:17.215Z] Node Version:  v24.15.0
[debug] [2026-04-29T15:02:17.215Z] Time:          Wed Apr 29 2026 10:02:17 GMT-0500 (Central Daylight Time)
[debug] [2026-04-29T15:02:17.215Z] ----------------------------------------------------------------------
[debug] 
[debug] [2026-04-29T15:02:19.532Z] > command requires scopes: ["email","openid","https://www.googleapis.com/auth/cloudplatformprojects.readonly","https://www.googleapis.com/auth/firebase","https://www.googleapis.com/auth/cloud-platform"]
[debug] [2026-04-29T15:02:19.533Z] > authorizing via signed-in user (hitboyromance@gmail.com)
[debug] [2026-04-29T15:02:19.533Z] [iam] checking project schedule-handlar for permissions ["firebase.projects.get","firebasehosting.sites.update"]
[debug] [2026-04-29T15:02:19.535Z] Checked if tokens are valid: true, expires at: 1777476120674
[debug] [2026-04-29T15:02:19.535Z] Checked if tokens are valid: true, expires at: 1777476120674
[debug] [2026-04-29T15:02:19.536Z] >>> [apiv2][query] POST https://cloudresourcemanager.googleapis.com/v1/projects/schedule-handlar:testIamPermissions [none]
[debug] [2026-04-29T15:02:19.537Z] >>> [apiv2][(partial)header] POST https://cloudresourcemanager.googleapis.com/v1/projects/schedule-handlar:testIamPermissions  x-goog-user-project=schedule-handlar
[debug] [2026-04-29T15:02:19.537Z] >>> [apiv2][body] POST https://cloudresourcemanager.googleapis.com/v1/projects/schedule-handlar:testIamPermissions {"permissions":["firebase.projects.get","firebasehosting.sites.update"]}
[debug] [2026-04-29T15:02:19.839Z] <<< [apiv2][status] POST https://cloudresourcemanager.googleapis.com/v1/projects/schedule-handlar:testIamPermissions 200
[debug] [2026-04-29T15:02:19.839Z] <<< [apiv2][body] POST https://cloudresourcemanager.googleapis.com/v1/projects/schedule-handlar:testIamPermissions {"permissions":["firebase.projects.get","firebasehosting.sites.update"]}
[debug] [2026-04-29T15:02:19.840Z] Checked if tokens are valid: true, expires at: 1777476120674
[debug] [2026-04-29T15:02:19.840Z] Checked if tokens are valid: true, expires at: 1777476120674
[debug] [2026-04-29T15:02:19.841Z] >>> [apiv2][query] GET https://firebase.googleapis.com/v1beta1/projects/schedule-handlar [none]
[debug] [2026-04-29T15:02:20.092Z] <<< [apiv2][status] GET https://firebase.googleapis.com/v1beta1/projects/schedule-handlar 200
[debug] [2026-04-29T15:02:20.093Z] <<< [apiv2][body] GET https://firebase.googleapis.com/v1beta1/projects/schedule-handlar {"projectId":"schedule-handlar","projectNumber":"1020551055302","displayName":"Schedule-handlar","name":"projects/schedule-handlar","resources":{"hostingSite":"schedule-handlar","realtimeDatabaseInstance":"schedule-handlar-default-rtdb"},"state":"ACTIVE","etag":"1_5527ee4d-5dc9-4f34-abe7-ce0837609eae"}
[info] 
[info] === Deploying to 'schedule-handlar'...
[info] 
[info] i  deploying hosting 
[debug] [2026-04-29T15:02:20.098Z] Checked if tokens are valid: true, expires at: 1777476120674
[debug] [2026-04-29T15:02:20.098Z] Checked if tokens are valid: true, expires at: 1777476120674
[debug] [2026-04-29T15:02:20.098Z] >>> [apiv2][query] POST https://firebasehosting.googleapis.com/v1beta1/projects/-/sites/schedule-handlar/versions [none]
[debug] [2026-04-29T15:02:20.098Z] >>> [apiv2][body] POST https://firebasehosting.googleapis.com/v1beta1/projects/-/sites/schedule-handlar/versions {"status":"CREATED","labels":{"deployment-tool":"cli-firebase"}}
[debug] [2026-04-29T15:02:21.948Z] <<< [apiv2][status] POST https://firebasehosting.googleapis.com/v1beta1/projects/-/sites/schedule-handlar/versions 200
[debug] [2026-04-29T15:02:21.948Z] <<< [apiv2][body] POST https://firebasehosting.googleapis.com/v1beta1/projects/-/sites/schedule-handlar/versions {"name":"projects/1020551055302/sites/schedule-handlar/versions/e564597c0cefb162","status":"CREATED","config":{},"labels":{"deployment-tool":"cli-firebase"}}
[info] i  hosting[schedule-handlar]: beginning deploy... 
[info] i  hosting[schedule-handlar]: found 3 files in dist 
[debug] [2026-04-29T15:02:21.966Z] [hosting] uploading with 200 concurrency
[debug] [2026-04-29T15:02:21.999Z] Checked if tokens are valid: true, expires at: 1777476120674
[debug] [2026-04-29T15:02:21.999Z] Checked if tokens are valid: true, expires at: 1777476120674
[debug] [2026-04-29T15:02:22.000Z] [hosting] hash cache [ZGlzdA] stored for 3 files
[debug] [2026-04-29T15:02:22.000Z] [hosting][hash queue][FINAL] {"max":29,"min":4,"avg":12.333333333333334,"active":0,"complete":3,"success":3,"errored":0,"retried":0,"total":3,"elapsed":32}
[debug] [2026-04-29T15:02:22.001Z] >>> [apiv2][query] POST https://firebasehosting.googleapis.com/v1beta1/projects/1020551055302/sites/schedule-handlar/versions/e564597c0cefb162:populateFiles [none]
[debug] [2026-04-29T15:02:22.001Z] >>> [apiv2][body] POST https://firebasehosting.googleapis.com/v1beta1/projects/1020551055302/sites/schedule-handlar/versions/e564597c0cefb162:populateFiles {"files":{"/index.html":"f515478ad50f893696307ba05c68e756e23d9b0355c058e776815a34e7f111da","/assets/index-DBcL0tS0.css":"345a8761382c2ddda675d6206420ef1266bcb141b79e6b45e6b399dde3c6e125","/assets/index-DsnIUmDR.js":"e7d9288f8a3a9ec4d77dd0c0a35ede591d7e9a9ee2b9ee1fc58614a19e2c229e"}}
[debug] [2026-04-29T15:02:22.814Z] <<< [apiv2][status] POST https://firebasehosting.googleapis.com/v1beta1/projects/1020551055302/sites/schedule-handlar/versions/e564597c0cefb162:populateFiles 200
[debug] [2026-04-29T15:02:22.814Z] <<< [apiv2][body] POST https://firebasehosting.googleapis.com/v1beta1/projects/1020551055302/sites/schedule-handlar/versions/e564597c0cefb162:populateFiles {"uploadUrl":"https://upload-firebasehosting.googleapis.com/upload/sites/schedule-handlar/versions/e564597c0cefb162/files"}
[debug] [2026-04-29T15:02:22.814Z] [hosting][populate queue][FINAL] {"max":816,"min":816,"avg":816,"active":0,"complete":1,"success":1,"errored":0,"retried":0,"total":1,"elapsed":816}
[debug] [2026-04-29T15:02:22.815Z] [hosting] uploads queued: 0
[debug] [2026-04-29T15:02:22.815Z] [hosting][upload queue][FINAL] {"max":0,"min":9999999999,"avg":0,"active":0,"complete":0,"success":0,"errored":0,"retried":0,"total":0,"elapsed":1777474942815}
[info] i  hosting: upload complete 
[info] +  hosting[schedule-handlar]: file upload complete 
[debug] [2026-04-29T15:02:22.815Z] [hosting] deploy completed after 865ms
[debug] [2026-04-29T15:02:22.816Z] [
  {
    "config": {
      "public": "dist",
      "ignore": [
        "firebase.json",
        "**/.*",
        "**/node_modules/**"
      ],
      "rewrites": [
        {
          "source": "**",
          "destination": "/index.html"
        }
      ],
      "site": "schedule-handlar"
    },
    "version": "projects/1020551055302/sites/schedule-handlar/versions/e564597c0cefb162"
  }
]
[info] i  hosting[schedule-handlar]: finalizing version... 
[debug] [2026-04-29T15:02:22.817Z] Checked if tokens are valid: true, expires at: 1777476120674
[debug] [2026-04-29T15:02:22.817Z] Checked if tokens are valid: true, expires at: 1777476120674
[debug] [2026-04-29T15:02:22.817Z] >>> [apiv2][query] PATCH https://firebasehosting.googleapis.com/v1beta1/projects/-/sites/schedule-handlar/versions/e564597c0cefb162 updateMask=status%2Cconfig
[debug] [2026-04-29T15:02:22.817Z] >>> [apiv2][body] PATCH https://firebasehosting.googleapis.com/v1beta1/projects/-/sites/schedule-handlar/versions/e564597c0cefb162 {"status":"FINALIZED","config":{"rewrites":[{"glob":"**","path":"/index.html"}]}}
[debug] [2026-04-29T15:02:24.451Z] <<< [apiv2][status] PATCH https://firebasehosting.googleapis.com/v1beta1/projects/-/sites/schedule-handlar/versions/e564597c0cefb162 200
[debug] [2026-04-29T15:02:24.451Z] <<< [apiv2][body] PATCH https://firebasehosting.googleapis.com/v1beta1/projects/-/sites/schedule-handlar/versions/e564597c0cefb162 {"name":"projects/1020551055302/sites/schedule-handlar/versions/e564597c0cefb162","status":"FINALIZED","config":{"rewrites":[{"glob":"**","path":"/index.html"}]},"labels":{"deployment-tool":"cli-firebase"},"createTime":"2026-04-29T15:02:20.559504Z","createUser":{"email":"hitboyromance@gmail.com"},"finalizeTime":"2026-04-29T15:02:23.908026Z","finalizeUser":{"email":"hitboyromance@gmail.com"}}
[debug] [2026-04-29T15:02:24.451Z] [hosting] finalized version for schedule-handlar:[object Object]
[info] +  hosting[schedule-handlar]: version finalized 
[info] i  hosting[schedule-handlar]: releasing new version... 
[debug] [2026-04-29T15:02:24.452Z] Checked if tokens are valid: true, expires at: 1777476120674
[debug] [2026-04-29T15:02:24.452Z] Checked if tokens are valid: true, expires at: 1777476120674
[debug] [2026-04-29T15:02:24.452Z] >>> [apiv2][query] POST https://firebasehosting.googleapis.com/v1beta1/projects/-/sites/schedule-handlar/channels/live/releases versionName=projects%2F1020551055302%2Fsites%2Fschedule-handlar%2Fversions%2Fe564597c0cefb162
[debug] [2026-04-29T15:02:24.452Z] >>> [apiv2][body] POST https://firebasehosting.googleapis.com/v1beta1/projects/-/sites/schedule-handlar/channels/live/releases {}
[debug] [2026-04-29T15:02:25.882Z] <<< [apiv2][status] POST https://firebasehosting.googleapis.com/v1beta1/projects/-/sites/schedule-handlar/channels/live/releases 200
